2022-10-12 13:20:29.374 [INFO] [main]
                [com.platform.transactions.TransactionsApplication:55] Starting TransactionsApplication using Java 17.0.3 on cp1821 with PID 861730 (/home/mtuser/Projetos/pocs/git/transaction/target/classes started by mtuser in /home/mtuser/Projetos/pocs/git/transaction)
2022-10-12 13:20:29.376 [INFO] [main]
                [com.platform.transactions.TransactionsApplication:634] No active profile set, falling back to 1 default profile: "default"
2022-10-12 13:20:30.223 [INFO] [main]
                [org.apache.coyote.http11.Http11NioProtocol:173] Initializing ProtocolHandler ["http-nio-8081"]
2022-10-12 13:20:30.223 [INFO] [main]
                [org.apache.catalina.core.StandardService:173] Starting service [Tomcat]
2022-10-12 13:20:30.224 [INFO] [main]
                [org.apache.catalina.core.StandardEngine:173] Starting Servlet engine: [Apache Tomcat/9.0.65]
2022-10-12 13:20:30.283 [INFO] [main]
                [org.apache.catalina.core.ContainerBase.[Tomcat].[localhost].[/]:173] Initializing Spring embedded WebApplicationContext
2022-10-12 13:20:30.362 [INFO] [main]
                [com.zaxxer.hikari.HikariDataSource:110] HikariPool-1 - Starting...
2022-10-12 13:20:30.430 [INFO] [main]
                [com.zaxxer.hikari.HikariDataSource:123] HikariPool-1 - Start completed.
2022-10-12 13:20:30.455 [INFO] [main]
                [org.hibernate.jpa.internal.util.LogHelper:31] HHH000204: Processing PersistenceUnitInfo [name: default]
2022-10-12 13:20:30.476 [INFO] [main]
                [org.hibernate.Version:44] HHH000412: Hibernate ORM core version 5.6.11.Final
2022-10-12 13:20:30.550 [INFO] [main]
                [org.hibernate.annotations.common.Version:56] HCANN000001: Hibernate Commons Annotations {5.1.2.Final}
2022-10-12 13:20:30.594 [INFO] [main]
                [org.hibernate.dialect.Dialect:175] HHH000400: Using dialect: org.hibernate.dialect.H2Dialect
2022-10-12 13:20:30.788 [INFO] [main]
                [org.hibernate.tuple.PojoInstantiator:47] HHH000182: No default (no-argument) constructor for class: com.platform.transactions.infrastructure.entity.TransactionEntity (class must be instantiated by Interceptor)
2022-10-12 13:20:30.838 [INFO] [main]
                [org.hibernate.engine.transaction.jta.platform.internal.JtaPlatformInitiator:52] HHH000490: Using JtaPlatform implementation: [org.hibernate.engine.transaction.jta.platform.internal.NoJtaPlatform]
2022-10-12 13:20:31.075 [INFO] [main]
                [com.platform.transactions.domain.service.RedissonConfig:43] URI Redis: redis://localhost:6379.
2022-10-12 13:20:31.141 [INFO] [main]
                [org.redisson.Version:41] Redisson 3.16.4
2022-10-12 13:20:31.242 [INFO] [redisson-netty-2-14]
                [org.redisson.connection.pool.MasterPubSubConnectionPool:166] 1 connections initialized for localhost/127.0.0.1:6379
2022-10-12 13:20:31.250 [INFO] [redisson-netty-2-20]
                [org.redisson.connection.pool.MasterConnectionPool:166] 24 connections initialized for localhost/127.0.0.1:6379
2022-10-12 13:20:31.655 [INFO] [main]
                [org.apache.coyote.http11.Http11NioProtocol:173] Starting ProtocolHandler ["http-nio-8081"]
2022-10-12 13:20:31.668 [INFO] [main]
                [com.platform.transactions.TransactionsApplication:61] Started TransactionsApplication in 2.64 seconds (JVM running for 2.99)
2022-10-12 13:20:41.872 [INFO] [http-nio-8081-exec-2]
                [org.apache.catalina.core.ContainerBase.[Tomcat].[localhost].[/]:173] Initializing Spring DispatcherServlet 'dispatcherServlet'
2022-10-12 13:20:53.149 [INFO] [http-nio-8081-exec-3]
                [com.platform.transactions.domain.service.aop.AccountControlAspect:28] Verifying if account 84c8c6f1-e150-4415-b83c-094523f44724 exists
2022-10-12 13:20:53.170 [INFO] [http-nio-8081-exec-3]
                [com.platform.transactions.domain.service.aop.AccountControlAspect:36] Account 84c8c6f1-e150-4415-b83c-094523f44724 found
2022-10-12 13:20:53.171 [INFO] [http-nio-8081-exec-3]
                [com.platform.transactions.domain.service.aop.IdempotencyControlAspect:27] Veryfing if the transaction 257e1ad2-ff93-44e9-b7aa-eec4d13158e2 has already been processed
2022-10-12 13:20:53.173 [INFO] [http-nio-8081-exec-3]
                [com.platform.transactions.domain.service.aop.IdempotencyControlAspect:35] Transaction 257e1ad2-ff93-44e9-b7aa-eec4d13158e2 is going to be processed
2022-10-12 13:20:53.180 [INFO] [http-nio-8081-exec-3]
                [com.platform.transactions.domain.service.LockManager:21] Acquiring locking for account 84c8c6f1-e150-4415-b83c-094523f44724
2022-10-12 13:20:53.189 [INFO] [http-nio-8081-exec-3]
                [com.platform.transactions.domain.service.LockManager:25] Lock for account 84c8c6f1-e150-4415-b83c-094523f44724 acquired
2022-10-12 13:20:53.190 [INFO] [http-nio-8081-exec-3]
                [com.platform.transactions.domain.service.TransactionService:37] Starting transaction 257e1ad2-ff93-44e9-b7aa-eec4d13158e2 for account 84c8c6f1-e150-4415-b83c-094523f44724 and value 100
2022-10-12 13:20:53.190 [INFO] [http-nio-8081-exec-3]
                [com.platform.transactions.domain.service.TransactionService:41] Delta 100 will be applied to the account 84c8c6f1-e150-4415-b83c-094523f44724
2022-10-12 13:20:53.196 [INFO] [http-nio-8081-exec-3]
                [com.platform.transactions.domain.service.TransactionService:45] Delta 100 applied for the account 84c8c6f1-e150-4415-b83c-094523f44724
2022-10-12 13:20:53.199 [INFO] [http-nio-8081-exec-3]
                [com.platform.transactions.domain.service.TransactionService:56] Transaction Transaction(transactionId=257e1ad2-ff93-44e9-b7aa-eec4d13158e2, accountId=84c8c6f1-e150-4415-b83c-094523f44724, value=100, type=CREDIT) saved
2022-10-12 13:20:53.204 [INFO] [http-nio-8081-exec-3]
                [com.platform.transactions.domain.service.LockManager:31] Releasing lock for account 84c8c6f1-e150-4415-b83c-094523f44724
2022-10-12 13:23:32.412 [INFO] [SpringApplicationShutdownHook]
                [org.hibernate.tool.schema.internal.SchemaDropperImpl$DelayedDropActionImpl:538] HHH000477: Starting delayed evictData of schema as part of SessionFactory shut-down'
2022-10-12 13:23:32.475 [INFO] [SpringApplicationShutdownHook]
                [com.zaxxer.hikari.HikariDataSource:350] HikariPool-1 - Shutdown initiated...
2022-10-12 13:23:32.480 [INFO] [SpringApplicationShutdownHook]
                [com.zaxxer.hikari.HikariDataSource:352] HikariPool-1 - Shutdown completed.
2022-10-12 13:23:34.539 [INFO] [main]
                [com.platform.transactions.TransactionsApplication:55] Starting TransactionsApplication using Java 17.0.3 on cp1821 with PID 864982 (/home/mtuser/Projetos/pocs/git/transaction/target/classes started by mtuser in /home/mtuser/Projetos/pocs/git/transaction)
2022-10-12 13:23:34.541 [INFO] [main]
                [com.platform.transactions.TransactionsApplication:634] No active profile set, falling back to 1 default profile: "default"
2022-10-12 13:23:35.385 [INFO] [main]
                [org.apache.coyote.http11.Http11NioProtocol:173] Initializing ProtocolHandler ["http-nio-8081"]
2022-10-12 13:23:35.386 [INFO] [main]
                [org.apache.catalina.core.StandardService:173] Starting service [Tomcat]
2022-10-12 13:23:35.386 [INFO] [main]
                [org.apache.catalina.core.StandardEngine:173] Starting Servlet engine: [Apache Tomcat/9.0.65]
2022-10-12 13:23:35.435 [INFO] [main]
                [org.apache.catalina.core.ContainerBase.[Tomcat].[localhost].[/]:173] Initializing Spring embedded WebApplicationContext
2022-10-12 13:23:35.510 [INFO] [main]
                [com.zaxxer.hikari.HikariDataSource:110] HikariPool-1 - Starting...
2022-10-12 13:23:35.576 [INFO] [main]
                [com.zaxxer.hikari.HikariDataSource:123] HikariPool-1 - Start completed.
2022-10-12 13:23:35.600 [INFO] [main]
                [org.hibernate.jpa.internal.util.LogHelper:31] HHH000204: Processing PersistenceUnitInfo [name: default]
2022-10-12 13:23:35.619 [INFO] [main]
                [org.hibernate.Version:44] HHH000412: Hibernate ORM core version 5.6.11.Final
2022-10-12 13:23:35.689 [INFO] [main]
                [org.hibernate.annotations.common.Version:56] HCANN000001: Hibernate Commons Annotations {5.1.2.Final}
2022-10-12 13:23:35.731 [INFO] [main]
                [org.hibernate.dialect.Dialect:175] HHH000400: Using dialect: org.hibernate.dialect.H2Dialect
2022-10-12 13:23:35.916 [INFO] [main]
                [org.hibernate.tuple.PojoInstantiator:47] HHH000182: No default (no-argument) constructor for class: com.platform.transactions.infrastructure.entity.TransactionEntity (class must be instantiated by Interceptor)
2022-10-12 13:23:35.968 [INFO] [main]
                [org.hibernate.engine.transaction.jta.platform.internal.JtaPlatformInitiator:52] HHH000490: Using JtaPlatform implementation: [org.hibernate.engine.transaction.jta.platform.internal.NoJtaPlatform]
2022-10-12 13:23:36.200 [INFO] [main]
                [com.platform.transactions.domain.service.RedissonConfig:43] URI Redis: redis://localhost:6379.
2022-10-12 13:23:36.272 [INFO] [main]
                [org.redisson.Version:41] Redisson 3.16.4
2022-10-12 13:23:36.377 [INFO] [redisson-netty-2-24]
                [org.redisson.connection.pool.MasterPubSubConnectionPool:166] 1 connections initialized for localhost/127.0.0.1:6379
2022-10-12 13:23:36.393 [INFO] [redisson-netty-2-20]
                [org.redisson.connection.pool.MasterConnectionPool:166] 24 connections initialized for localhost/127.0.0.1:6379
2022-10-12 13:23:36.805 [INFO] [main]
                [org.apache.coyote.http11.Http11NioProtocol:173] Starting ProtocolHandler ["http-nio-8081"]
2022-10-12 13:23:36.820 [INFO] [main]
                [com.platform.transactions.TransactionsApplication:61] Started TransactionsApplication in 2.651 seconds (JVM running for 3.146)
2022-10-12 13:23:57.338 [INFO] [http-nio-8081-exec-2]
                [org.apache.catalina.core.ContainerBase.[Tomcat].[localhost].[/]:173] Initializing Spring DispatcherServlet 'dispatcherServlet'
2022-10-12 13:23:57.398 [INFO] [http-nio-8081-exec-2]
                [com.platform.transactions.domain.service.aop.AccountControlAspect:28] Verifying if account 84c8c6f1-e150-4415-b83c-094523f44724 exists
2022-10-12 13:23:57.442 [ERROR] [http-nio-8081-exec-2]
                [org.apache.catalina.core.ContainerBase.[Tomcat].[localhost].[/].[dispatcherServlet]:175] Servlet.service() for servlet [dispatcherServlet] in context with path [] threw exception [Request processing failed; nested exception is com.platform.transactions.domain.exception.AccountDoesNotExists] with root cause
com.platform.transactions.domain.exception.AccountDoesNotExists: null
	at com.platform.transactions.domain.service.aop.AccountControlAspect.idempotencyControl(AccountControlAspect.java:33)
	at java.base/jdk.internal.reflect.NativeMethodAccessorImpl.invoke0(Native Method)
	at java.base/jdk.internal.reflect.NativeMethodAccessorImpl.invoke(NativeMethodAccessorImpl.java:77)
	at java.base/jdk.internal.reflect.DelegatingMethodAccessorImpl.invoke(DelegatingMethodAccessorImpl.java:43)
	at java.base/java.lang.reflect.Method.invoke(Method.java:568)
	at org.springframework.aop.aspectj.AbstractAspectJAdvice.invokeAdviceMethodWithGivenArgs(AbstractAspectJAdvice.java:634)
	at org.springframework.aop.aspectj.AbstractAspectJAdvice.invokeAdviceMethod(AbstractAspectJAdvice.java:624)
	at org.springframework.aop.aspectj.AspectJAroundAdvice.invoke(AspectJAroundAdvice.java:72)
	at org.springframework.aop.framework.ReflectiveMethodInvocation.proceed(ReflectiveMethodInvocation.java:175)
	at org.springframework.aop.framework.CglibAopProxy$CglibMethodInvocation.proceed(CglibAopProxy.java:763)
	at org.springframework.aop.interceptor.ExposeInvocationInterceptor.invoke(ExposeInvocationInterceptor.java:97)
	at org.springframework.aop.framework.ReflectiveMethodInvocation.proceed(ReflectiveMethodInvocation.java:186)
	at org.springframework.aop.framework.CglibAopProxy$CglibMethodInvocation.proceed(CglibAopProxy.java:763)
	at org.springframework.aop.framework.CglibAopProxy$DynamicAdvisedInterceptor.intercept(CglibAopProxy.java:708)
	at com.platform.transactions.domain.service.TransactionService$$EnhancerBySpringCGLIB$$32caeab5.createTransaction(<generated>)
	at com.platform.transactions.domain.service.EntrypointImpl.createTransaction(EntrypointImpl.java:22)
	at com.platform.transactions.entrypoint.TransactionController.createTransaction(TransactionController.java:25)
	at com.platform.transactions.entrypoint.TransactionController$$FastClassBySpringCGLIB$$2c9871b5.invoke(<generated>)
	at org.springframework.cglib.proxy.MethodProxy.invoke(MethodProxy.java:218)
	at org.springframework.aop.framework.CglibAopProxy$CglibMethodInvocation.invokeJoinpoint(CglibAopProxy.java:793)
	at org.springframework.aop.framework.ReflectiveMethodInvocation.proceed(ReflectiveMethodInvocation.java:163)
	at org.springframework.aop.framework.CglibAopProxy$CglibMethodInvocation.proceed(CglibAopProxy.java:763)
	at org.springframework.transaction.interceptor.TransactionInterceptor$1.proceedWithInvocation(TransactionInterceptor.java:123)
	at org.springframework.transaction.interceptor.TransactionAspectSupport.invokeWithinTransaction(TransactionAspectSupport.java:388)
	at org.springframework.transaction.interceptor.TransactionInterceptor.invoke(TransactionInterceptor.java:119)
	at org.springframework.aop.framework.ReflectiveMethodInvocation.proceed(ReflectiveMethodInvocation.java:186)
	at org.springframework.aop.framework.CglibAopProxy$CglibMethodInvocation.proceed(CglibAopProxy.java:763)
	at org.springframework.aop.framework.CglibAopProxy$DynamicAdvisedInterceptor.intercept(CglibAopProxy.java:708)
	at com.platform.transactions.entrypoint.TransactionController$$EnhancerBySpringCGLIB$$b0865689.createTransaction(<generated>)
	at java.base/jdk.internal.reflect.NativeMethodAccessorImpl.invoke0(Native Method)
	at java.base/jdk.internal.reflect.NativeMethodAccessorImpl.invoke(NativeMethodAccessorImpl.java:77)
	at java.base/jdk.internal.reflect.DelegatingMethodAccessorImpl.invoke(DelegatingMethodAccessorImpl.java:43)
	at java.base/java.lang.reflect.Method.invoke(Method.java:568)
	at org.springframework.web.method.support.InvocableHandlerMethod.doInvoke(InvocableHandlerMethod.java:205)
	at org.springframework.web.method.support.InvocableHandlerMethod.invokeForRequest(InvocableHandlerMethod.java:150)
	at org.springframework.web.servlet.mvc.method.annotation.ServletInvocableHandlerMethod.invokeAndHandle(ServletInvocableHandlerMethod.java:117)
	at org.springframework.web.servlet.mvc.method.annotation.RequestMappingHandlerAdapter.invokeHandlerMethod(RequestMappingHandlerAdapter.java:895)
	at org.springframework.web.servlet.mvc.method.annotation.RequestMappingHandlerAdapter.handleInternal(RequestMappingHandlerAdapter.java:808)
	at org.springframework.web.servlet.mvc.method.AbstractHandlerMethodAdapter.handle(AbstractHandlerMethodAdapter.java:87)
	at org.springframework.web.servlet.DispatcherServlet.doDispatch(DispatcherServlet.java:1071)
	at org.springframework.web.servlet.DispatcherServlet.doService(DispatcherServlet.java:964)
	at org.springframework.web.servlet.FrameworkServlet.processRequest(FrameworkServlet.java:1006)
	at org.springframework.web.servlet.FrameworkServlet.doPost(FrameworkServlet.java:909)
	at javax.servlet.http.HttpServlet.service(HttpServlet.java:681)
	at org.springframework.web.servlet.FrameworkServlet.service(FrameworkServlet.java:883)
	at javax.servlet.http.HttpServlet.service(HttpServlet.java:764)
	at org.apache.catalina.core.ApplicationFilterChain.internalDoFilter(ApplicationFilterChain.java:227)
	at org.apache.catalina.core.ApplicationFilterChain.doFilter(ApplicationFilterChain.java:162)
	at org.apache.tomcat.websocket.server.WsFilter.doFilter(WsFilter.java:53)
	at org.apache.catalina.core.ApplicationFilterChain.internalDoFilter(ApplicationFilterChain.java:189)
	at org.apache.catalina.core.ApplicationFilterChain.doFilter(ApplicationFilterChain.java:162)
	at org.springframework.web.filter.RequestContextFilter.doFilterInternal(RequestContextFilter.java:100)
	at org.springframework.web.filter.OncePerRequestFilter.doFilter(OncePerRequestFilter.java:117)
	at org.apache.catalina.core.ApplicationFilterChain.internalDoFilter(ApplicationFilterChain.java:189)
	at org.apache.catalina.core.ApplicationFilterChain.doFilter(ApplicationFilterChain.java:162)
	at org.springframework.web.filter.FormContentFilter.doFilterInternal(FormContentFilter.java:93)
	at org.springframework.web.filter.OncePerRequestFilter.doFilter(OncePerRequestFilter.java:117)
	at org.apache.catalina.core.ApplicationFilterChain.internalDoFilter(ApplicationFilterChain.java:189)
	at org.apache.catalina.core.ApplicationFilterChain.doFilter(ApplicationFilterChain.java:162)
	at org.springframework.web.filter.CharacterEncodingFilter.doFilterInternal(CharacterEncodingFilter.java:201)
	at org.springframework.web.filter.OncePerRequestFilter.doFilter(OncePerRequestFilter.java:117)
	at org.apache.catalina.core.ApplicationFilterChain.internalDoFilter(ApplicationFilterChain.java:189)
	at org.apache.catalina.core.ApplicationFilterChain.doFilter(ApplicationFilterChain.java:162)
	at org.apache.catalina.core.StandardWrapperValve.invoke(StandardWrapperValve.java:197)
	at org.apache.catalina.core.StandardContextValve.invoke(StandardContextValve.java:97)
	at org.apache.catalina.authenticator.AuthenticatorBase.invoke(AuthenticatorBase.java:541)
	at org.apache.catalina.core.StandardHostValve.invoke(StandardHostValve.java:135)
	at org.apache.catalina.valves.ErrorReportValve.invoke(ErrorReportValve.java:92)
	at org.apache.catalina.core.StandardEngineValve.invoke(StandardEngineValve.java:78)
	at org.apache.catalina.connector.CoyoteAdapter.service(CoyoteAdapter.java:360)
	at org.apache.coyote.http11.Http11Processor.service(Http11Processor.java:399)
	at org.apache.coyote.AbstractProcessorLight.process(AbstractProcessorLight.java:65)
	at org.apache.coyote.AbstractProtocol$ConnectionHandler.process(AbstractProtocol.java:890)
	at org.apache.tomcat.util.net.NioEndpoint$SocketProcessor.doRun(NioEndpoint.java:1789)
	at org.apache.tomcat.util.net.SocketProcessorBase.run(SocketProcessorBase.java:49)
	at org.apache.tomcat.util.threads.ThreadPoolExecutor.runWorker(ThreadPoolExecutor.java:1191)
	at org.apache.tomcat.util.threads.ThreadPoolExecutor$Worker.run(ThreadPoolExecutor.java:659)
	at org.apache.tomcat.util.threads.TaskThread$WrappingRunnable.run(TaskThread.java:61)
	at java.base/java.lang.Thread.run(Thread.java:833)
2022-10-12 13:24:13.260 [INFO] [http-nio-8081-exec-5]
                [com.platform.transactions.domain.service.aop.AccountControlAspect:28] Verifying if account df271b27-d6f6-4259-ae00-73f097d603cb exists
2022-10-12 13:24:13.262 [INFO] [http-nio-8081-exec-5]
                [com.platform.transactions.domain.service.aop.AccountControlAspect:36] Account df271b27-d6f6-4259-ae00-73f097d603cb found
2022-10-12 13:24:13.263 [INFO] [http-nio-8081-exec-5]
                [com.platform.transactions.domain.service.aop.IdempotencyControlAspect:27] Veryfing if the transaction 74758558-ee7e-4d64-b627-04c335503965 has already been processed
2022-10-12 13:24:13.266 [INFO] [http-nio-8081-exec-5]
                [com.platform.transactions.domain.service.aop.IdempotencyControlAspect:35] Transaction 74758558-ee7e-4d64-b627-04c335503965 is going to be processed
2022-10-12 13:24:13.274 [INFO] [http-nio-8081-exec-5]
                [com.platform.transactions.domain.service.LockManager:21] Acquiring locking for account df271b27-d6f6-4259-ae00-73f097d603cb
2022-10-12 13:24:13.284 [INFO] [http-nio-8081-exec-5]
                [com.platform.transactions.domain.service.LockManager:25] Lock for account df271b27-d6f6-4259-ae00-73f097d603cb acquired
2022-10-12 13:24:13.284 [INFO] [http-nio-8081-exec-5]
                [com.platform.transactions.domain.service.TransactionService:37] Starting transaction 74758558-ee7e-4d64-b627-04c335503965 for account df271b27-d6f6-4259-ae00-73f097d603cb and value 100
2022-10-12 13:24:13.284 [INFO] [http-nio-8081-exec-5]
                [com.platform.transactions.domain.service.TransactionService:41] Delta 100 will be applied to the account df271b27-d6f6-4259-ae00-73f097d603cb
2022-10-12 13:24:13.290 [INFO] [http-nio-8081-exec-5]
                [com.platform.transactions.domain.service.TransactionService:45] Delta 100 applied for the account df271b27-d6f6-4259-ae00-73f097d603cb
2022-10-12 13:24:13.293 [INFO] [http-nio-8081-exec-5]
                [com.platform.transactions.domain.service.TransactionService:56] Transaction Transaction(transactionId=74758558-ee7e-4d64-b627-04c335503965, accountId=df271b27-d6f6-4259-ae00-73f097d603cb, value=100, type=CREDIT) saved
2022-10-12 13:24:13.299 [INFO] [http-nio-8081-exec-5]
                [com.platform.transactions.domain.service.LockManager:31] Releasing lock for account df271b27-d6f6-4259-ae00-73f097d603cb
2022-10-12 13:26:12.187 [INFO] [SpringApplicationShutdownHook]
                [org.hibernate.tool.schema.internal.SchemaDropperImpl$DelayedDropActionImpl:538] HHH000477: Starting delayed evictData of schema as part of SessionFactory shut-down'
2022-10-12 13:26:12.258 [INFO] [SpringApplicationShutdownHook]
                [com.zaxxer.hikari.HikariDataSource:350] HikariPool-1 - Shutdown initiated...
2022-10-12 13:26:12.262 [INFO] [SpringApplicationShutdownHook]
                [com.zaxxer.hikari.HikariDataSource:352] HikariPool-1 - Shutdown completed.
2022-10-12 13:26:15.290 [ERROR] [main]
                [org.springframework.boot.SpringApplication:824] Application run failed
java.lang.IllegalStateException: java.lang.IllegalStateException: Logback configuration error detected: 
ERROR in ch.qos.logback.core.pattern.parser.Compiler@1d470d0 - There is no conversion class registered for conversion word [trace]
ERROR in ch.qos.logback.core.pattern.parser.Compiler@1d470d0 - [trace] is not a valid conversion word
	at org.springframework.boot.context.logging.LoggingApplicationListener.initializeSystem(LoggingApplicationListener.java:344)
	at org.springframework.boot.context.logging.LoggingApplicationListener.initialize(LoggingApplicationListener.java:298)
	at org.springframework.boot.context.logging.LoggingApplicationListener.onApplicationEnvironmentPreparedEvent(LoggingApplicationListener.java:246)
	at org.springframework.boot.context.logging.LoggingApplicationListener.onApplicationEvent(LoggingApplicationListener.java:223)
	at org.springframework.context.event.SimpleApplicationEventMulticaster.doInvokeListener(SimpleApplicationEventMulticaster.java:176)
	at org.springframework.context.event.SimpleApplicationEventMulticaster.invokeListener(SimpleApplicationEventMulticaster.java:169)
	at org.springframework.context.event.SimpleApplicationEventMulticaster.multicastEvent(SimpleApplicationEventMulticaster.java:143)
	at org.springframework.context.event.SimpleApplicationEventMulticaster.multicastEvent(SimpleApplicationEventMulticaster.java:131)
	at org.springframework.boot.context.event.EventPublishingRunListener.environmentPrepared(EventPublishingRunListener.java:85)
	at org.springframework.boot.SpringApplicationRunListeners.lambda$environmentPrepared$2(SpringApplicationRunListeners.java:66)
	at java.base/java.util.ArrayList.forEach(ArrayList.java:1511)
	at org.springframework.boot.SpringApplicationRunListeners.doWithListeners(SpringApplicationRunListeners.java:120)
	at org.springframework.boot.SpringApplicationRunListeners.doWithListeners(SpringApplicationRunListeners.java:114)
	at org.springframework.boot.SpringApplicationRunListeners.environmentPrepared(SpringApplicationRunListeners.java:65)
	at org.springframework.boot.SpringApplication.prepareEnvironment(SpringApplication.java:344)
	at org.springframework.boot.SpringApplication.run(SpringApplication.java:302)
	at org.springframework.boot.SpringApplication.run(SpringApplication.java:1306)
	at org.springframework.boot.SpringApplication.run(SpringApplication.java:1295)
	at com.platform.transactions.TransactionsApplication.main(TransactionsApplication.java:10)
Caused by: java.lang.IllegalStateException: Logback configuration error detected: 
ERROR in ch.qos.logback.core.pattern.parser.Compiler@1d470d0 - There is no conversion class registered for conversion word [trace]
ERROR in ch.qos.logback.core.pattern.parser.Compiler@1d470d0 - [trace] is not a valid conversion word
	at org.springframework.boot.logging.logback.LogbackLoggingSystem.loadConfiguration(LogbackLoggingSystem.java:179)
	at org.springframework.boot.logging.AbstractLoggingSystem.initializeWithConventions(AbstractLoggingSystem.java:80)
	at org.springframework.boot.logging.AbstractLoggingSystem.initialize(AbstractLoggingSystem.java:60)
	at org.springframework.boot.logging.logback.LogbackLoggingSystem.initialize(LogbackLoggingSystem.java:132)
	at org.springframework.boot.context.logging.LoggingApplicationListener.initializeSystem(LoggingApplicationListener.java:329)
	... 18 common frames omitted
2022-10-12 13:31:40.554 [INFO] [main]
                [com.platform.transactions.TransactionsApplication:55] Starting TransactionsApplication using Java 17.0.3 on cp1821 with PID 873590 (/home/mtuser/Projetos/pocs/git/transaction/target/classes started by mtuser in /home/mtuser/Projetos/pocs/git/transaction)
2022-10-12 13:31:40.556 [INFO] [main]
                [com.platform.transactions.TransactionsApplication:634] No active profile set, falling back to 1 default profile: "default"
2022-10-12 13:31:41.530 [INFO] [main]
                [org.apache.coyote.http11.Http11NioProtocol:173] Initializing ProtocolHandler ["http-nio-8081"]
2022-10-12 13:31:41.530 [INFO] [main]
                [org.apache.catalina.core.StandardService:173] Starting service [Tomcat]
2022-10-12 13:31:41.530 [INFO] [main]
                [org.apache.catalina.core.StandardEngine:173] Starting Servlet engine: [Apache Tomcat/9.0.65]
2022-10-12 13:31:41.597 [INFO] [main]
                [org.apache.catalina.core.ContainerBase.[Tomcat].[localhost].[/]:173] Initializing Spring embedded WebApplicationContext
2022-10-12 13:31:41.843 [INFO] [main]
                [com.zaxxer.hikari.HikariDataSource:110] HikariPool-1 - Starting...
2022-10-12 13:31:41.911 [INFO] [main]
                [com.zaxxer.hikari.HikariDataSource:123] HikariPool-1 - Start completed.
2022-10-12 13:31:41.942 [INFO] [main]
                [org.hibernate.jpa.internal.util.LogHelper:31] HHH000204: Processing PersistenceUnitInfo [name: default]
2022-10-12 13:31:41.962 [INFO] [main]
                [org.hibernate.Version:44] HHH000412: Hibernate ORM core version 5.6.11.Final
2022-10-12 13:31:42.022 [INFO] [main]
                [org.hibernate.annotations.common.Version:56] HCANN000001: Hibernate Commons Annotations {5.1.2.Final}
2022-10-12 13:31:42.063 [INFO] [main]
                [org.hibernate.dialect.Dialect:175] HHH000400: Using dialect: org.hibernate.dialect.H2Dialect
2022-10-12 13:31:42.241 [INFO] [main]
                [org.hibernate.tuple.PojoInstantiator:47] HHH000182: No default (no-argument) constructor for class: com.platform.transactions.infrastructure.entity.TransactionEntity (class must be instantiated by Interceptor)
2022-10-12 13:31:42.292 [INFO] [main]
                [org.hibernate.engine.transaction.jta.platform.internal.JtaPlatformInitiator:52] HHH000490: Using JtaPlatform implementation: [org.hibernate.engine.transaction.jta.platform.internal.NoJtaPlatform]
2022-10-12 13:31:42.585 [INFO] [main]
                [com.platform.transactions.domain.service.RedissonConfig:43] URI Redis: redis://localhost:6379.
2022-10-12 13:31:42.650 [INFO] [main]
                [org.redisson.Version:41] Redisson 3.16.4
2022-10-12 13:31:42.768 [INFO] [redisson-netty-2-14]
                [org.redisson.connection.pool.MasterPubSubConnectionPool:166] 1 connections initialized for localhost/127.0.0.1:6379
2022-10-12 13:31:42.775 [INFO] [redisson-netty-2-18]
                [org.redisson.connection.pool.MasterConnectionPool:166] 24 connections initialized for localhost/127.0.0.1:6379
2022-10-12 13:31:44.560 [INFO] [main]
                [org.apache.coyote.http11.Http11NioProtocol:173] Starting ProtocolHandler ["http-nio-8081"]
2022-10-12 13:31:45.606 [INFO] [main]
                [com.platform.transactions.TransactionsApplication:61] Started TransactionsApplication in 6.34 seconds (JVM running for 6.809)
2022-10-12 13:31:48.033 [INFO] [http-nio-8081-exec-2]
                [org.apache.catalina.core.ContainerBase.[Tomcat].[localhost].[/]:173] Initializing Spring DispatcherServlet 'dispatcherServlet'
2022-10-12 13:31:48.103 [INFO] [http-nio-8081-exec-2]
                [com.platform.transactions.domain.service.EntrypointImpl:30] Creating account AccountRequest(name=Investment Account, cash=100)
2022-10-12 13:32:06.273 [INFO] [SpringApplicationShutdownHook]
                [org.hibernate.tool.schema.internal.SchemaDropperImpl$DelayedDropActionImpl:538] HHH000477: Starting delayed evictData of schema as part of SessionFactory shut-down'
2022-10-12 13:32:06.348 [INFO] [SpringApplicationShutdownHook]
                [com.zaxxer.hikari.HikariDataSource:350] HikariPool-1 - Shutdown initiated...
2022-10-12 13:32:06.351 [INFO] [SpringApplicationShutdownHook]
                [com.zaxxer.hikari.HikariDataSource:352] HikariPool-1 - Shutdown completed.
